TN:
SF:src/main.ts
FN:26,(anonymous_0)
FN:32,(anonymous_1)
FN:58,(anonymous_3)
FN:62,(anonymous_4)
FN:70,(anonymous_5)
FN:77,(anonymous_6)
FN:77,(anonymous_7)
FN:85,(anonymous_8)
FN:85,(anonymous_9)
FN:104,(anonymous_10)
FN:116,(anonymous_12)
FN:158,(anonymous_13)
FN:183,(anonymous_15)
FN:190,(anonymous_17)
FN:202,(anonymous_18)
FN:211,(anonymous_20)
FN:215,(anonymous_22)
FN:219,(anonymous_24)
FN:223,(anonymous_26)
FN:234,(anonymous_28)
FN:238,(anonymous_30)
FN:242,(anonymous_32)
FN:267,(anonymous_34)
FN:281,(anonymous_35)
FN:286,(anonymous_36)
FN:290,(anonymous_37)
FN:294,(anonymous_38)
FN:298,(anonymous_39)
FN:309,(anonymous_41)
FN:310,(anonymous_42)
FN:310,(anonymous_43)
FN:321,(anonymous_44)
FN:328,(anonymous_46)
FN:332,(anonymous_47)
FN:365,(anonymous_49)
FN:400,(anonymous_51)
FN:412,(anonymous_52)
FN:425,(anonymous_54)
FN:426,(anonymous_55)
FN:426,(anonymous_56)
FN:429,(anonymous_57)
FN:438,(anonymous_58)
FN:448,(anonymous_59)
FN:455,(anonymous_60)
FNF:44
FNH:0
FNDA:0,(anonymous_0)
FNDA:0,(anonymous_1)
FNDA:0,(anonymous_3)
FNDA:0,(anonymous_4)
FNDA:0,(anonymous_5)
FNDA:0,(anonymous_6)
FNDA:0,(anonymous_7)
FNDA:0,(anonymous_8)
FNDA:0,(anonymous_9)
FNDA:0,(anonymous_10)
FNDA:0,(anonymous_12)
FNDA:0,(anonymous_13)
FNDA:0,(anonymous_15)
FNDA:0,(anonymous_17)
FNDA:0,(anonymous_18)
FNDA:0,(anonymous_20)
FNDA:0,(anonymous_22)
FNDA:0,(anonymous_24)
FNDA:0,(anonymous_26)
FNDA:0,(anonymous_28)
FNDA:0,(anonymous_30)
FNDA:0,(anonymous_32)
FNDA:0,(anonymous_34)
FNDA:0,(anonymous_35)
FNDA:0,(anonymous_36)
FNDA:0,(anonymous_37)
FNDA:0,(anonymous_38)
FNDA:0,(anonymous_39)
FNDA:0,(anonymous_41)
FNDA:0,(anonymous_42)
FNDA:0,(anonymous_43)
FNDA:0,(anonymous_44)
FNDA:0,(anonymous_46)
FNDA:0,(anonymous_47)
FNDA:0,(anonymous_49)
FNDA:0,(anonymous_51)
FNDA:0,(anonymous_52)
FNDA:0,(anonymous_54)
FNDA:0,(anonymous_55)
FNDA:0,(anonymous_56)
FNDA:0,(anonymous_57)
FNDA:0,(anonymous_58)
FNDA:0,(anonymous_59)
FNDA:0,(anonymous_60)
DA:1,0
DA:15,0
DA:16,0
DA:17,0
DA:19,0
DA:20,0
DA:22,0
DA:24,0
DA:26,0
DA:30,0
DA:33,0
DA:35,0
DA:37,0
DA:38,0
DA:39,0
DA:40,0
DA:44,0
DA:45,0
DA:48,0
DA:53,0
DA:56,0
DA:58,0
DA:62,0
DA:63,0
DA:67,0
DA:71,0
DA:76,0
DA:77,0
DA:78,0
DA:79,0
DA:84,0
DA:85,0
DA:86,0
DA:87,0
DA:93,0
DA:95,0
DA:97,0
DA:98,0
DA:105,0
DA:108,0
DA:109,0
DA:113,0
DA:117,0
DA:118,0
DA:119,0
DA:155,0
DA:159,0
DA:161,0
DA:162,0
DA:164,0
DA:166,0
DA:169,0
DA:170,0
DA:171,0
DA:178,0
DA:179,0
DA:185,0
DA:186,0
DA:188,0
DA:190,0
DA:191,0
DA:194,0
DA:196,0
DA:198,0
DA:204,0
DA:206,0
DA:207,0
DA:212,0
DA:216,0
DA:220,0
DA:224,0
DA:225,0
DA:227,0
DA:228,0
DA:231,0
DA:235,0
DA:239,0
DA:247,0
DA:250,0
DA:253,0
DA:264,0
DA:268,0
DA:269,0
DA:270,0
DA:272,0
DA:278,0
DA:279,0
DA:282,0
DA:283,0
DA:287,0
DA:291,0
DA:295,0
DA:299,0
DA:300,0
DA:301,0
DA:304,0
DA:309,0
DA:310,0
DA:311,0
DA:312,0
DA:318,0
DA:322,0
DA:323,0
DA:324,0
DA:328,0
DA:329,0
DA:333,0
DA:334,0
DA:336,0
DA:337,0
DA:340,0
DA:341,0
DA:344,0
DA:345,0
DA:346,0
DA:349,0
DA:350,0
DA:351,0
DA:356,0
DA:358,0
DA:360,0
DA:361,0
DA:366,0
DA:368,0
DA:369,0
DA:372,0
DA:374,0
DA:375,0
DA:376,0
DA:380,0
DA:387,0
DA:388,0
DA:397,0
DA:398,0
DA:406,0
DA:407,0
DA:408,0
DA:409,0
DA:413,0
DA:414,0
DA:415,0
DA:418,0
DA:420,0
DA:425,0
DA:426,0
DA:427,0
DA:430,0
DA:431,0
DA:432,0
DA:438,0
DA:439,0
DA:442,0
DA:443,0
DA:449,0
DA:450,0
DA:451,0
DA:455,0
DA:456,0
DA:459,0
DA:460,0
LF:160
LH:0
BRDA:39,0,0,0
BRDA:78,1,0,0
BRDA:78,2,0,0
BRDA:78,2,1,0
BRDA:86,3,0,0
BRDA:86,4,0,0
BRDA:86,4,1,0
BRDA:108,5,0,0
BRDA:164,6,0,0
BRDA:164,6,1,0
BRDA:170,7,0,0
BRDA:178,8,0,0
BRDA:188,9,0,0
BRDA:188,10,0,0
BRDA:188,10,1,0
BRDA:196,11,0,0
BRDA:196,12,0,0
BRDA:196,12,1,0
BRDA:206,13,0,0
BRDA:322,14,0,0
BRDA:349,15,0,0
BRDA:349,15,1,0
BRDA:374,16,0,0
BRDA:431,17,0,0
BRDA:442,18,0,0
BRDA:449,19,0,0
BRDA:459,20,0,0
BRF:27
BRH:0
end_of_record
TN:
SF:src/algorithm/fsrs.ts
FN:30,(anonymous_0)
FN:45,(anonymous_1)
FN:60,(anonymous_2)
FN:74,(anonymous_3)
FN:165,(anonymous_4)
FN:169,(anonymous_5)
FN:173,(anonymous_6)
FN:186,(anonymous_7)
FN:196,(anonymous_8)
FNF:9
FNH:0
FNDA:0,(anonymous_0)
FNDA:0,(anonymous_1)
FNDA:0,(anonymous_2)
FNDA:0,(anonymous_3)
FNDA:0,(anonymous_4)
FNDA:0,(anonymous_5)
FNDA:0,(anonymous_6)
FNDA:0,(anonymous_7)
FNDA:0,(anonymous_8)
DA:27,0
DA:32,0
DA:46,0
DA:49,0
DA:61,0
DA:62,0
DA:64,0
DA:76,0
DA:77,0
DA:80,0
DA:81,0
DA:83,0
DA:84,0
DA:85,0
DA:87,0
DA:88,0
DA:89,0
DA:91,0
DA:92,0
DA:93,0
DA:95,0
DA:96,0
DA:97,0
DA:98,0
DA:100,0
DA:102,0
DA:104,0
DA:105,0
DA:106,0
DA:107,0
DA:109,0
DA:110,0
DA:111,0
DA:112,0
DA:114,0
DA:115,0
DA:116,0
DA:118,0
DA:119,0
DA:120,0
DA:121,0
DA:125,0
DA:126,0
DA:128,0
DA:130,0
DA:131,0
DA:132,0
DA:133,0
DA:135,0
DA:136,0
DA:137,0
DA:138,0
DA:140,0
DA:141,0
DA:142,0
DA:144,0
DA:145,0
DA:146,0
DA:147,0
DA:152,0
DA:155,0
DA:157,0
DA:166,0
DA:170,0
DA:174,0
DA:175,0
DA:176,0
DA:178,0
DA:179,0
DA:181,0
DA:183,0
DA:187,0
DA:188,0
DA:189,0
DA:190,0
DA:197,0
DA:198,0
DA:199,0
DA:200,0
DA:202,0
DA:203,0
DA:204,0
DA:205,0
DA:206,0
DA:208,0
LF:85
LH:0
BRDA:80,0,0,0
BRDA:80,0,1,0
BRDA:81,1,0,0
BRDA:81,1,1,0
BRDA:81,1,2,0
BRDA:81,1,3,0
BRDA:100,2,0,0
BRDA:100,2,1,0
BRDA:102,3,0,0
BRDA:102,3,1,0
BRDA:102,3,2,0
BRDA:102,3,3,0
BRDA:128,4,0,0
BRDA:128,4,1,0
BRDA:128,4,2,0
BRDA:128,4,3,0
BRDA:197,5,0,0
BRDA:197,5,1,0
BRDA:199,6,0,0
BRDA:199,6,1,0
BRDA:203,7,0,0
BRDA:203,7,1,0
BRDA:205,8,0,0
BRDA:205,8,1,0
BRF:24
BRH:0
end_of_record
TN:
SF:src/database/DatabaseService.ts
FN:9,(anonymous_0)
FN:13,(anonymous_1)
FN:17,(anonymous_3)
FN:34,(anonymous_4)
FN:49,(anonymous_6)
FN:69,(anonymous_8)
FN:125,(anonymous_10)
FN:153,(anonymous_12)
FN:177,(anonymous_14)
FN:199,(anonymous_16)
FN:213,(anonymous_18)
FN:252,(anonymous_20)
FN:268,(anonymous_22)
FN:290,(anonymous_24)
FN:314,(anonymous_26)
FN:325,(anonymous_28)
FN:352,(anonymous_30)
FN:405,(anonymous_32)
FN:420,(anonymous_34)
FN:438,(anonymous_35)
FNF:20
FNH:14
FNDA:14,(anonymous_0)
FNDA:14,(anonymous_1)
FNDA:0,(anonymous_3)
FNDA:14,(anonymous_4)
FNDA:5,(anonymous_6)
FNDA:13,(anonymous_8)
FNDA:1,(anonymous_10)
FNDA:2,(anonymous_12)
FNDA:1,(anonymous_14)
FNDA:0,(anonymous_16)
FNDA:1,(anonymous_18)
FNDA:0,(anonymous_20)
FNDA:1,(anonymous_22)
FNDA:0,(anonymous_24)
FNDA:1,(anonymous_26)
FNDA:0,(anonymous_28)
FNDA:1,(anonymous_30)
FNDA:0,(anonymous_32)
FNDA:1,(anonymous_34)
FNDA:14,(anonymous_35)
DA:1,2
DA:4,2
DA:5,14
DA:6,14
DA:10,14
DA:14,14
DA:16,14
DA:17,0
DA:21,14
DA:22,14
DA:23,1
DA:25,13
DA:26,13
DA:29,0
DA:30,0
DA:35,14
DA:37,14
DA:38,14
DA:39,1
DA:40,1
DA:42,13
DA:44,0
DA:45,0
DA:50,5
DA:52,5
DA:53,5
DA:54,5
DA:57,5
DA:58,5
DA:59,5
DA:62,5
DA:64,0
DA:65,0
DA:70,13
DA:72,13
DA:121,13
DA:126,1
DA:128,1
DA:129,1
DA:135,1
DA:140,1
DA:149,1
DA:150,1
DA:154,2
DA:156,2
DA:157,2
DA:159,2
DA:160,1
DA:161,1
DA:163,1
DA:173,1
DA:174,1
DA:178,1
DA:180,1
DA:181,1
DA:183,1
DA:184,2
DA:185,2
DA:195,1
DA:196,1
DA:200,0
DA:202,0
DA:208,0
DA:209,0
DA:216,1
DA:218,1
DA:219,1
DA:225,1
DA:232,1
DA:248,1
DA:249,1
DA:253,0
DA:255,0
DA:256,0
DA:257,0
DA:259,0
DA:260,0
DA:261,0
DA:264,0
DA:265,0
DA:269,1
DA:271,1
DA:272,1
DA:278,1
DA:279,1
DA:281,1
DA:282,1
DA:283,1
DA:286,1
DA:287,1
DA:291,0
DA:293,0
DA:300,0
DA:311,0
DA:315,1
DA:317,1
DA:320,1
DA:321,1
DA:326,0
DA:328,0
DA:330,0
DA:337,0
DA:348,0
DA:353,1
DA:355,1
DA:358,1
DA:362,1
DA:363,1
DA:364,1
DA:365,1
DA:368,1
DA:372,1
DA:373,1
DA:374,1
DA:375,1
DA:378,1
DA:382,1
DA:383,1
DA:384,1
DA:385,1
DA:388,1
DA:391,1
DA:392,1
DA:393,1
DA:394,1
DA:396,1
DA:406,0
DA:408,0
DA:409,0
DA:411,0
DA:412,0
DA:413,0
DA:416,0
DA:421,1
DA:439,14
DA:440,13
DA:441,13
LF:137
LH:101
BRDA:22,0,0,1
BRDA:22,0,1,13
BRDA:38,1,0,1
BRDA:50,2,0,0
BRDA:58,3,0,5
BRDA:70,4,0,0
BRDA:126,5,0,0
BRDA:154,6,0,0
BRDA:159,7,0,1
BRDA:178,8,0,0
BRDA:200,9,0,0
BRDA:216,10,0,0
BRDA:253,11,0,0
BRDA:269,12,0,0
BRDA:291,13,0,0
BRDA:315,14,0,0
BRDA:326,15,0,0
BRDA:353,16,0,0
BRDA:364,17,0,1
BRDA:364,17,1,0
BRDA:374,18,0,1
BRDA:374,18,1,0
BRDA:384,19,0,1
BRDA:384,19,1,0
BRDA:393,20,0,1
BRDA:393,20,1,0
BRDA:406,21,0,0
BRDA:439,22,0,13
BRF:28
BRH:10
end_of_record
TN:
SF:src/services/DeckManager.ts
FN:17,(anonymous_0)
FN:26,(anonymous_1)
FN:40,(anonymous_3)
FN:52,(anonymous_4)
FN:64,(anonymous_5)
FN:83,(anonymous_6)
FN:86,(anonymous_8)
FN:108,(anonymous_9)
FN:127,(anonymous_11)
FN:156,(anonymous_12)
FN:157,(anonymous_13)
FN:178,(anonymous_14)
FN:262,(anonymous_15)
FN:301,(anonymous_17)
FN:318,(anonymous_18)
FN:325,(anonymous_19)
FN:332,(anonymous_20)
FN:346,(anonymous_21)
FN:360,(anonymous_23)
FNF:19
FNH:17
FNDA:15,(anonymous_0)
FNDA:6,(anonymous_1)
FNDA:5,(anonymous_3)
FNDA:3,(anonymous_4)
FNDA:8,(anonymous_5)
FNDA:2,(anonymous_6)
FNDA:1,(anonymous_8)
FNDA:5,(anonymous_9)
FNDA:5,(anonymous_11)
FNDA:12,(anonymous_12)
FNDA:12,(anonymous_13)
FNDA:5,(anonymous_14)
FNDA:1,(anonymous_15)
FNDA:4,(anonymous_17)
FNDA:4,(anonymous_18)
FNDA:1,(anonymous_19)
FNDA:5,(anonymous_20)
FNDA:0,(anonymous_21)
FNDA:0,(anonymous_23)
DA:12,1
DA:18,15
DA:19,15
DA:20,15
DA:27,6
DA:28,6
DA:30,6
DA:31,8
DA:32,8
DA:33,0
DA:36,8
DA:39,8
DA:40,6
DA:41,6
DA:42,6
DA:46,8
DA:47,2
DA:52,2
DA:53,3
DA:55,2
DA:56,2
DA:59,8
DA:60,1
DA:64,7
DA:65,8
DA:68,7
DA:69,7
DA:70,7
DA:72,7
DA:76,6
DA:77,6
DA:84,2
DA:85,2
DA:86,2
DA:89,2
DA:90,2
DA:91,1
DA:92,1
DA:98,1
DA:109,5
DA:110,5
DA:111,5
DA:114,5
DA:115,5
DA:118,5
DA:119,5
DA:121,5
DA:128,5
DA:129,5
DA:130,5
DA:131,5
DA:133,5
DA:134,38
DA:137,38
DA:138,5
DA:139,1
DA:140,1
DA:141,1
DA:145,5
DA:146,1
DA:147,1
DA:149,4
DA:150,1
DA:154,3
DA:156,12
DA:157,12
DA:159,3
DA:160,3
DA:168,33
DA:172,5
DA:179,5
DA:180,5
DA:181,5
DA:182,5
DA:183,5
DA:185,5
DA:186,38
DA:189,38
DA:190,1
DA:191,1
DA:193,37
DA:194,1
DA:195,1
DA:197,36
DA:198,1
DA:202,35
DA:204,9
DA:205,2
DA:206,2
DA:207,2
DA:208,2
DA:212,7
DA:213,1
DA:220,1
DA:224,7
DA:228,7
DA:229,7
DA:230,26
DA:232,2
DA:233,2
DA:235,24
DA:237,19
DA:238,7
DA:240,12
DA:245,5
DA:246,5
DA:253,5
DA:256,5
DA:263,1
DA:264,1
DA:266,1
DA:267,1
DA:270,1
DA:271,1
DA:275,1
DA:276,1
DA:278,1
DA:279,1
DA:293,1
DA:303,4
DA:306,4
DA:307,3
DA:311,4
DA:312,1
DA:316,3
DA:317,3
DA:318,4
DA:326,1
DA:334,5
DA:335,5
DA:336,52
DA:337,52
DA:338,52
DA:340,5
DA:347,0
DA:348,0
DA:350,0
DA:352,0
DA:353,0
DA:361,0
DA:362,0
LF:141
LH:133
BRDA:32,0,0,0
BRDA:39,1,0,6
BRDA:46,2,0,2
BRDA:46,3,0,8
BRDA:46,3,1,2
BRDA:47,4,0,1
BRDA:47,4,1,1
BRDA:53,5,0,0
BRDA:53,5,1,3
BRDA:59,6,0,1
BRDA:69,7,0,7
BRDA:90,8,0,1
BRDA:137,9,0,5
BRDA:137,9,1,33
BRDA:137,10,0,38
BRDA:137,10,1,5
BRDA:138,11,0,1
BRDA:145,12,0,1
BRDA:149,13,0,1
BRDA:159,14,0,3
BRDA:189,15,0,1
BRDA:189,16,0,38
BRDA:189,16,1,5
BRDA:193,17,0,1
BRDA:193,18,0,37
BRDA:193,18,1,2
BRDA:197,19,0,1
BRDA:202,20,0,9
BRDA:202,20,1,26
BRDA:204,21,0,2
BRDA:204,22,0,9
BRDA:204,22,1,4
BRDA:212,23,0,1
BRDA:212,24,0,7
BRDA:212,24,1,2
BRDA:230,25,0,2
BRDA:230,25,1,24
BRDA:232,26,0,2
BRDA:235,27,0,19
BRDA:237,28,0,7
BRDA:237,29,0,19
BRDA:237,29,1,8
BRDA:245,30,0,5
BRDA:245,31,0,5
BRDA:245,31,1,5
BRDA:264,32,0,0
BRDA:267,33,0,1
BRDA:267,33,1,0
BRDA:306,34,0,3
BRDA:311,35,0,1
BRDA:348,36,0,0
BRDA:348,36,1,0
BRDA:348,37,0,0
BRDA:348,37,1,0
BRDA:350,38,0,0
BRDA:350,39,0,0
BRDA:350,39,1,0
BRDA:361,40,0,0
BRDA:361,40,1,0
BRDA:361,41,0,0
BRDA:361,41,1,0
BRDA:362,42,0,0
BRDA:362,42,1,0
BRDA:362,43,0,0
BRDA:362,43,1,0
BRDA:362,44,0,0
BRDA:362,44,1,0
BRF:67
BRH:46
end_of_record
